  nebulatracer.cpp
C:\Haxe-Libraries\Nebula\nebulatracer\nebulatracer.cpp(547,40): warning C4267: 'argument': conversion from 'size_t' to 'int', possible loss of data
     Creating library C:\Haxe-Libraries\Nebula\nebulatracer\x64\Release\nebulatracer.lib and object C:\Haxe-Libraries\Nebula\nebulatracer\x64\Release\nebulatracer.exp
  Generating code
  18 of 562 functions ( 3.2%) were compiled, the rest were copied from previous compilation.
    1 functions were new in current compilation
    53 functions had inline decision re-evaluated but remain unchanged
  Finished generating code
shaderc_combined.lib(shaderc.cc.obj) : warning LNK4099: PDB 'shaderc.pdb' was not found with 'shaderc_combined.lib(shaderc.cc.obj)' or at 'C:\Haxe-Libraries\Nebula\nebulatracer\x64\Release\shaderc.pdb'; linking object as if no debug info
shaderc_combined.lib(compiler.cc.obj) : warning LNK4099: PDB 'shaderc_util.pdb' was not found with 'shaderc_combined.lib(compiler.cc.obj)' or at 'C:\Haxe-Libraries\Nebula\nebulatracer\x64\Release\shaderc_util.pdb'; linking object as if no debug info
shaderc_combined.lib(binary.cpp.obj) : warning LNK4099: PDB 'SPIRV-Tools-static.pdb' was not found with 'shaderc_combined.lib(binary.cpp.obj)' or at 'C:\Haxe-Libraries\Nebula\nebulatracer\x64\Release\SPIRV-Tools-static.pdb'; linking object as if no debug info
shaderc_combined.lib(spirv_tools_wrapper.cc.obj) : warning LNK4099: PDB 'shaderc_util.pdb' was not found with 'shaderc_combined.lib(spirv_tools_wrapper.cc.obj)' or at 'C:\Haxe-Libraries\Nebula\nebulatracer\x64\Release\shaderc_util.pdb'; linking object as if no debug info
shaderc_combined.lib(version_profile.cc.obj) : warning LNK4099: PDB 'shaderc_util.pdb' was not found with 'shaderc_combined.lib(version_profile.cc.obj)' or at 'C:\Haxe-Libraries\Nebula\nebulatracer\x64\Release\shaderc_util.pdb'; linking object as if no debug info
shaderc_combined.lib(resources.cc.obj) : warning LNK4099: PDB 'shaderc_util.pdb' was not found with 'shaderc_combined.lib(resources.cc.obj)' or at 'C:\Haxe-Libraries\Nebula\nebulatracer\x64\Release\shaderc_util.pdb'; linking object as if no debug info
shaderc_combined.lib(ShaderLang.cpp.obj) : warning LNK4099: PDB 'glslang.pdb' was not found with 'shaderc_combined.lib(ShaderLang.cpp.obj)' or at 'C:\Haxe-Libraries\Nebula\nebulatracer\x64\Release\glslang.pdb'; linking object as if no debug info
shaderc_combined.lib(GlslangToSpv.cpp.obj) : warning LNK4099: PDB 'glslang.pdb' was not found with 'shaderc_combined.lib(GlslangToSpv.cpp.obj)' or at 'C:\Haxe-Libraries\Nebula\nebulatracer\x64\Release\glslang.pdb'; linking object as if no debug info
shaderc_combined.lib(message.cc.obj) : warning LNK4099: PDB 'shaderc_util.pdb' was not found with 'shaderc_combined.lib(message.cc.obj)' or at 'C:\Haxe-Libraries\Nebula\nebulatracer\x64\Release\shaderc_util.pdb'; linking object as if no debug info
shaderc_combined.lib(shader_stage.cc.obj) : warning LNK4099: PDB 'shaderc_util.pdb' was not found with 'shaderc_combined.lib(shader_stage.cc.obj)' or at 'C:\Haxe-Libraries\Nebula\nebulatracer\x64\Release\shaderc_util.pdb'; linking object as if no debug info
shaderc_combined.lib(spirv_optimizer_options.cpp.obj) : warning LNK4099: PDB 'SPIRV-Tools-static.pdb' was not found with 'shaderc_combined.lib(spirv_optimizer_options.cpp.obj)' or at 'C:\Haxe-Libraries\Nebula\nebulatracer\x64\Release\SPIRV-Tools-static.pdb'; linking object as if no debug info
shaderc_combined.lib(table2.cpp.obj) : warning LNK4099: PDB 'SPIRV-Tools-static.pdb' was not found with 'shaderc_combined.lib(table2.cpp.obj)' or at 'C:\Haxe-Libraries\Nebula\nebulatracer\x64\Release\SPIRV-Tools-static.pdb'; linking object as if no debug info
shaderc_combined.lib(operand.cpp.obj) : warning LNK4099: PDB 'SPIRV-Tools-static.pdb' was not found with 'shaderc_combined.lib(operand.cpp.obj)' or at 'C:\Haxe-Libraries\Nebula\nebulatracer\x64\Release\SPIRV-Tools-static.pdb'; linking object as if no debug info
shaderc_combined.lib(assembly_grammar.cpp.obj) : warning LNK4099: PDB 'SPIRV-Tools-static.pdb' was not found with 'shaderc_combined.lib(assembly_grammar.cpp.obj)' or at 'C:\Haxe-Libraries\Nebula\nebulatracer\x64\Release\SPIRV-Tools-static.pdb'; linking object as if no debug info
shaderc_combined.lib(diagnostic.cpp.obj) : warning LNK4099: PDB 'SPIRV-Tools-static.pdb' was not found with 'shaderc_combined.lib(diagnostic.cpp.obj)' or at 'C:\Haxe-Libraries\Nebula\nebulatracer\x64\Release\SPIRV-Tools-static.pdb'; linking object as if no debug info
shaderc_combined.lib(ext_inst.cpp.obj) : warning LNK4099: PDB 'SPIRV-Tools-static.pdb' was not found with 'shaderc_combined.lib(ext_inst.cpp.obj)' or at 'C:\Haxe-Libraries\Nebula\nebulatracer\x64\Release\SPIRV-Tools-static.pdb'; linking object as if no debug info
shaderc_combined.lib(opcode.cpp.obj) : warning LNK4099: PDB 'SPIRV-Tools-static.pdb' was not found with 'shaderc_combined.lib(opcode.cpp.obj)' or at 'C:\Haxe-Libraries\Nebula\nebulatracer\x64\Release\SPIRV-Tools-static.pdb'; linking object as if no debug info
shaderc_combined.lib(spirv_endian.cpp.obj) : warning LNK4099: PDB 'SPIRV-Tools-static.pdb' was not found with 'shaderc_combined.lib(spirv_endian.cpp.obj)' or at 'C:\Haxe-Libraries\Nebula\nebulatracer\x64\Release\SPIRV-Tools-static.pdb'; linking object as if no debug info
shaderc_combined.lib(table.cpp.obj) : warning LNK4099: PDB 'SPIRV-Tools-static.pdb' was not found with 'shaderc_combined.lib(table.cpp.obj)' or at 'C:\Haxe-Libraries\Nebula\nebulatracer\x64\Release\SPIRV-Tools-static.pdb'; linking object as if no debug info
shaderc_combined.lib(spirv_validator_options.cpp.obj) : warning LNK4099: PDB 'SPIRV-Tools-static.pdb' was not found with 'shaderc_combined.lib(spirv_validator_options.cpp.obj)' or at 'C:\Haxe-Libraries\Nebula\nebulatracer\x64\Release\SPIRV-Tools-static.pdb'; linking object as if no debug info
shaderc_combined.lib(text.cpp.obj) : warning LNK4099: PDB 'SPIRV-Tools-static.pdb' was not found with 'shaderc_combined.lib(text.cpp.obj)' or at 'C:\Haxe-Libraries\Nebula\nebulatracer\x64\Release\SPIRV-Tools-static.pdb'; linking object as if no debug info
shaderc_combined.lib(libspirv.cpp.obj) : warning LNK4099: PDB 'SPIRV-Tools-static.pdb' was not found with 'shaderc_combined.lib(libspirv.cpp.obj)' or at 'C:\Haxe-Libraries\Nebula\nebulatracer\x64\Release\SPIRV-Tools-static.pdb'; linking object as if no debug info
shaderc_combined.lib(optimizer.cpp.obj) : warning LNK4099: PDB 'SPIRV-Tools-opt.pdb' was not found with 'shaderc_combined.lib(optimizer.cpp.obj)' or at 'C:\Haxe-Libraries\Nebula\nebulatracer\x64\Release\SPIRV-Tools-opt.pdb'; linking object as if no debug info
shaderc_combined.lib(PoolAlloc.cpp.obj) : warning LNK4099: PDB 'glslang.pdb' was not found with 'shaderc_combined.lib(PoolAlloc.cpp.obj)' or at 'C:\Haxe-Libraries\Nebula\nebulatracer\x64\Release\glslang.pdb'; linking object as if no debug info
shaderc_combined.lib(Versions.cpp.obj) : warning LNK4099: PDB 'glslang.pdb' was not found with 'shaderc_combined.lib(Versions.cpp.obj)' or at 'C:\Haxe-Libraries\Nebula\nebulatracer\x64\Release\glslang.pdb'; linking object as if no debug info
shaderc_combined.lib(iomapper.cpp.obj) : warning LNK4099: PDB 'glslang.pdb' was not found with 'shaderc_combined.lib(iomapper.cpp.obj)' or at 'C:\Haxe-Libraries\Nebula\nebulatracer\x64\Release\glslang.pdb'; linking object as if no debug info
shaderc_combined.lib(Intermediate.cpp.obj) : warning LNK4099: PDB 'glslang.pdb' was not found with 'shaderc_combined.lib(Intermediate.cpp.obj)' or at 'C:\Haxe-Libraries\Nebula\nebulatracer\x64\Release\glslang.pdb'; linking object as if no debug info
shaderc_combined.lib(IntermTraverse.cpp.obj) : warning LNK4099: PDB 'glslang.pdb' was not found with 'shaderc_combined.lib(IntermTraverse.cpp.obj)' or at 'C:\Haxe-Libraries\Nebula\nebulatracer\x64\Release\glslang.pdb'; linking object as if no debug info
shaderc_combined.lib(InfoSink.cpp.obj) : warning LNK4099: PDB 'glslang.pdb' was not found with 'shaderc_combined.lib(InfoSink.cpp.obj)' or at 'C:\Haxe-Libraries\Nebula\nebulatracer\x64\Release\glslang.pdb'; linking object as if no debug info
shaderc_combined.lib(SymbolTable.cpp.obj) : warning LNK4099: PDB 'glslang.pdb' was not found with 'shaderc_combined.lib(SymbolTable.cpp.obj)' or at 'C:\Haxe-Libraries\Nebula\nebulatracer\x64\Release\glslang.pdb'; linking object as if no debug info
shaderc_combined.lib(Scan.cpp.obj) : warning LNK4099: PDB 'glslang.pdb' was not found with 'shaderc_combined.lib(Scan.cpp.obj)' or at 'C:\Haxe-Libraries\Nebula\nebulatracer\x64\Release\glslang.pdb'; linking object as if no debug info
shaderc_combined.lib(CodeGen.cpp.obj) : warning LNK4099: PDB 'glslang.pdb' was not found with 'shaderc_combined.lib(CodeGen.cpp.obj)' or at 'C:\Haxe-Libraries\Nebula\nebulatracer\x64\Release\glslang.pdb'; linking object as if no debug info
shaderc_combined.lib(Link.cpp.obj) : warning LNK4099: PDB 'glslang.pdb' was not found with 'shaderc_combined.lib(Link.cpp.obj)' or at 'C:\Haxe-Libraries\Nebula\nebulatracer\x64\Release\glslang.pdb'; linking object as if no debug info
shaderc_combined.lib(intermOut.cpp.obj) : warning LNK4099: PDB 'glslang.pdb' was not found with 'shaderc_combined.lib(intermOut.cpp.obj)' or at 'C:\Haxe-Libraries\Nebula\nebulatracer\x64\Release\glslang.pdb'; linking object as if no debug info
shaderc_combined.lib(linkValidate.cpp.obj) : warning LNK4099: PDB 'glslang.pdb' was not found with 'shaderc_combined.lib(linkValidate.cpp.obj)' or at 'C:\Haxe-Libraries\Nebula\nebulatracer\x64\Release\glslang.pdb'; linking object as if no debug info
shaderc_combined.lib(ParseHelper.cpp.obj) : warning LNK4099: PDB 'glslang.pdb' was not found with 'shaderc_combined.lib(ParseHelper.cpp.obj)' or at 'C:\Haxe-Libraries\Nebula\nebulatracer\x64\Release\glslang.pdb'; linking object as if no debug info
shaderc_combined.lib(hlslParseHelper.cpp.obj) : warning LNK4099: PDB 'glslang.pdb' was not found with 'shaderc_combined.lib(hlslParseHelper.cpp.obj)' or at 'C:\Haxe-Libraries\Nebula\nebulatracer\x64\Release\glslang.pdb'; linking object as if no debug info
shaderc_combined.lib(Initialize.cpp.obj) : warning LNK4099: PDB 'glslang.pdb' was not found with 'shaderc_combined.lib(Initialize.cpp.obj)' or at 'C:\Haxe-Libraries\Nebula\nebulatracer\x64\Release\glslang.pdb'; linking object as if no debug info
shaderc_combined.lib(hlslParseables.cpp.obj) : warning LNK4099: PDB 'glslang.pdb' was not found with 'shaderc_combined.lib(hlslParseables.cpp.obj)' or at 'C:\Haxe-Libraries\Nebula\nebulatracer\x64\Release\glslang.pdb'; linking object as if no debug info
shaderc_combined.lib(PpContext.cpp.obj) : warning LNK4099: PDB 'glslang.pdb' was not found with 'shaderc_combined.lib(PpContext.cpp.obj)' or at 'C:\Haxe-Libraries\Nebula\nebulatracer\x64\Release\glslang.pdb'; linking object as if no debug info
shaderc_combined.lib(PpScanner.cpp.obj) : warning LNK4099: PDB 'glslang.pdb' was not found with 'shaderc_combined.lib(PpScanner.cpp.obj)' or at 'C:\Haxe-Libraries\Nebula\nebulatracer\x64\Release\glslang.pdb'; linking object as if no debug info
shaderc_combined.lib(reflection.cpp.obj) : warning LNK4099: PDB 'glslang.pdb' was not found with 'shaderc_combined.lib(reflection.cpp.obj)' or at 'C:\Haxe-Libraries\Nebula\nebulatracer\x64\Release\glslang.pdb'; linking object as if no debug info
shaderc_combined.lib(cmake_pch.cxx.obj) : warning LNK4099: PDB 'glslang.pdb' was not found with 'shaderc_combined.lib(cmake_pch.cxx.obj)' or at 'C:\Haxe-Libraries\Nebula\nebulatracer\x64\Release\glslang.pdb'; linking object as if no debug info
shaderc_combined.lib(Logger.cpp.obj) : warning LNK4099: PDB 'glslang.pdb' was not found with 'shaderc_combined.lib(Logger.cpp.obj)' or at 'C:\Haxe-Libraries\Nebula\nebulatracer\x64\Release\glslang.pdb'; linking object as if no debug info
shaderc_combined.lib(SpvBuilder.cpp.obj) : warning LNK4099: PDB 'glslang.pdb' was not found with 'shaderc_combined.lib(SpvBuilder.cpp.obj)' or at 'C:\Haxe-Libraries\Nebula\nebulatracer\x64\Release\glslang.pdb'; linking object as if no debug info
shaderc_combined.lib(SpvPostProcess.cpp.obj) : warning LNK4099: PDB 'glslang.pdb' was not found with 'shaderc_combined.lib(SpvPostProcess.cpp.obj)' or at 'C:\Haxe-Libraries\Nebula\nebulatracer\x64\Release\glslang.pdb'; linking object as if no debug info
shaderc_combined.lib(SpvTools.cpp.obj) : warning LNK4099: PDB 'glslang.pdb' was not found with 'shaderc_combined.lib(SpvTools.cpp.obj)' or at 'C:\Haxe-Libraries\Nebula\nebulatracer\x64\Release\glslang.pdb'; linking object as if no debug info
shaderc_combined.lib(spirv_target_env.cpp.obj) : warning LNK4099: PDB 'SPIRV-Tools-static.pdb' was not found with 'shaderc_combined.lib(spirv_target_env.cpp.obj)' or at 'C:\Haxe-Libraries\Nebula\nebulatracer\x64\Release\SPIRV-Tools-static.pdb'; linking object as if no debug info
shaderc_combined.lib(text_handler.cpp.obj) : warning LNK4099: PDB 'SPIRV-Tools-static.pdb' was not found with 'shaderc_combined.lib(text_handler.cpp.obj)' or at 'C:\Haxe-Libraries\Nebula\nebulatracer\x64\Release\SPIRV-Tools-static.pdb'; linking object as if no debug info
shaderc_combined.lib(disassemble.cpp.obj) : warning LNK4099: PDB 'SPIRV-Tools-static.pdb' was not found with 'shaderc_combined.lib(disassemble.cpp.obj)' or at 'C:\Haxe-Libraries\Nebula\nebulatracer\x64\Release\SPIRV-Tools-static.pdb'; linking object as if no debug info
shaderc_combined.lib(validate.cpp.obj) : warning LNK4099: PDB 'SPIRV-Tools-static.pdb' was not found with 'shaderc_combined.lib(validate.cpp.obj)' or at 'C:\Haxe-Libraries\Nebula\nebulatracer\x64\Release\SPIRV-Tools-static.pdb'; linking object as if no debug info
shaderc_combined.lib(string_utils.cpp.obj) : warning LNK4099: PDB 'SPIRV-Tools-static.pdb' was not found with 'shaderc_combined.lib(string_utils.cpp.obj)' or at 'C:\Haxe-Libraries\Nebula\nebulatracer\x64\Release\SPIRV-Tools-static.pdb'; linking object as if no debug info
shaderc_combined.lib(module.cpp.obj) : warning LNK4099: PDB 'SPIRV-Tools-opt.pdb' was not found with 'shaderc_combined.lib(module.cpp.obj)' or at 'C:\Haxe-Libraries\Nebula\nebulatracer\x64\Release\SPIRV-Tools-opt.pdb'; linking object as if no debug info
shaderc_combined.lib(loop_descriptor.cpp.obj) : warning LNK4099: PDB 'SPIRV-Tools-opt.pdb' was not found with 'shaderc_combined.lib(loop_descriptor.cpp.obj)' or at 'C:\Haxe-Libraries\Nebula\nebulatracer\x64\Release\SPIRV-Tools-opt.pdb'; linking object as if no debug info
shaderc_combined.lib(build_module.cpp.obj) : warning LNK4099: PDB 'SPIRV-Tools-opt.pdb' was not found with 'shaderc_combined.lib(build_module.cpp.obj)' or at 'C:\Haxe-Libraries\Nebula\nebulatracer\x64\Release\SPIRV-Tools-opt.pdb'; linking object as if no debug info
shaderc_combined.lib(pass.cpp.obj) : warning LNK4099: PDB 'SPIRV-Tools-opt.pdb' was not found with 'shaderc_combined.lib(pass.cpp.obj)' or at 'C:\Haxe-Libraries\Nebula\nebulatracer\x64\Release\SPIRV-Tools-opt.pdb'; linking object as if no debug info
shaderc_combined.lib(graphics_robust_access_pass.cpp.obj) : warning LNK4099: PDB 'SPIRV-Tools-opt.pdb' was not found with 'shaderc_combined.lib(graphics_robust_access_pass.cpp.obj)' or at 'C:\Haxe-Libraries\Nebula\nebulatracer\x64\Release\SPIRV-Tools-opt.pdb'; linking object as if no debug info
shaderc_combined.lib(pass_manager.cpp.obj) : warning LNK4099: PDB 'SPIRV-Tools-opt.pdb' was not found with 'shaderc_combined.lib(pass_manager.cpp.obj)' or at 'C:\Haxe-Libraries\Nebula\nebulatracer\x64\Release\SPIRV-Tools-opt.pdb'; linking object as if no debug info
shaderc_combined.lib(mem_pass.cpp.obj) : warning LNK4099: PDB 'SPIRV-Tools-opt.pdb' was not found with 'shaderc_combined.lib(mem_pass.cpp.obj)' or at 'C:\Haxe-Libraries\Nebula\nebulatracer\x64\Release\SPIRV-Tools-opt.pdb'; linking object as if no debug info
shaderc_combined.lib(aggressive_dead_code_elim_pass.cpp.obj) : warning LNK4099: PDB 'SPIRV-Tools-opt.pdb' was not found with 'shaderc_combined.lib(aggressive_dead_code_elim_pass.cpp.obj)' or at 'C:\Haxe-Libraries\Nebula\nebulatracer\x64\Release\SPIRV-Tools-opt.pdb'; linking object as if no debug info
shaderc_combined.lib(amd_ext_to_khr.cpp.obj) : warning LNK4099: PDB 'SPIRV-Tools-opt.pdb' was not found with 'shaderc_combined.lib(amd_ext_to_khr.cpp.obj)' or at 'C:\Haxe-Libraries\Nebula\nebulatracer\x64\Release\SPIRV-Tools-opt.pdb'; linking object as if no debug info
shaderc_combined.lib(analyze_live_input_pass.cpp.obj) : warning LNK4099: PDB 'SPIRV-Tools-opt.pdb' was not found with 'shaderc_combined.lib(analyze_live_input_pass.cpp.obj)' or at 'C:\Haxe-Libraries\Nebula\nebulatracer\x64\Release\SPIRV-Tools-opt.pdb'; linking object as if no debug info
shaderc_combined.lib(block_merge_pass.cpp.obj) : warning LNK4099: PDB 'SPIRV-Tools-opt.pdb' was not found with 'shaderc_combined.lib(block_merge_pass.cpp.obj)' or at 'C:\Haxe-Libraries\Nebula\nebulatracer\x64\Release\SPIRV-Tools-opt.pdb'; linking object as if no debug info
shaderc_combined.lib(canonicalize_ids_pass.cpp.obj) : warning LNK4099: PDB 'SPIRV-Tools-opt.pdb' was not found with 'shaderc_combined.lib(canonicalize_ids_pass.cpp.obj)' or at 'C:\Haxe-Libraries\Nebula\nebulatracer\x64\Release\SPIRV-Tools-opt.pdb'; linking object as if no debug info
shaderc_combined.lib(ccp_pass.cpp.obj) : warning LNK4099: PDB 'SPIRV-Tools-opt.pdb' was not found with 'shaderc_combined.lib(ccp_pass.cpp.obj)' or at 'C:\Haxe-Libraries\Nebula\nebulatracer\x64\Release\SPIRV-Tools-opt.pdb'; linking object as if no debug info
shaderc_combined.lib(cfg_cleanup_pass.cpp.obj) : warning LNK4099: PDB 'SPIRV-Tools-opt.pdb' was not found with 'shaderc_combined.lib(cfg_cleanup_pass.cpp.obj)' or at 'C:\Haxe-Libraries\Nebula\nebulatracer\x64\Release\SPIRV-Tools-opt.pdb'; linking object as if no debug info
shaderc_combined.lib(code_sink.cpp.obj) : warning LNK4099: PDB 'SPIRV-Tools-opt.pdb' was not found with 'shaderc_combined.lib(code_sink.cpp.obj)' or at 'C:\Haxe-Libraries\Nebula\nebulatracer\x64\Release\SPIRV-Tools-opt.pdb'; linking object as if no debug info
shaderc_combined.lib(combine_access_chains.cpp.obj) : warning LNK4099: PDB 'SPIRV-Tools-opt.pdb' was not found with 'shaderc_combined.lib(combine_access_chains.cpp.obj)' or at 'C:\Haxe-Libraries\Nebula\nebulatracer\x64\Release\SPIRV-Tools-opt.pdb'; linking object as if no debug info
shaderc_combined.lib(compact_ids_pass.cpp.obj) : warning LNK4099: PDB 'SPIRV-Tools-opt.pdb' was not found with 'shaderc_combined.lib(compact_ids_pass.cpp.obj)' or at 'C:\Haxe-Libraries\Nebula\nebulatracer\x64\Release\SPIRV-Tools-opt.pdb'; linking object as if no debug info
shaderc_combined.lib(convert_to_half_pass.cpp.obj) : warning LNK4099: PDB 'SPIRV-Tools-opt.pdb' was not found with 'shaderc_combined.lib(convert_to_half_pass.cpp.obj)' or at 'C:\Haxe-Libraries\Nebula\nebulatracer\x64\Release\SPIRV-Tools-opt.pdb'; linking object as if no debug info
shaderc_combined.lib(convert_to_sampled_image_pass.cpp.obj) : warning LNK4099: PDB 'SPIRV-Tools-opt.pdb' was not found with 'shaderc_combined.lib(convert_to_sampled_image_pass.cpp.obj)' or at 'C:\Haxe-Libraries\Nebula\nebulatracer\x64\Release\SPIRV-Tools-opt.pdb'; linking object as if no debug info
shaderc_combined.lib(copy_prop_arrays.cpp.obj) : warning LNK4099: PDB 'SPIRV-Tools-opt.pdb' was not found with 'shaderc_combined.lib(copy_prop_arrays.cpp.obj)' or at 'C:\Haxe-Libraries\Nebula\nebulatracer\x64\Release\SPIRV-Tools-opt.pdb'; linking object as if no debug info
shaderc_combined.lib(dead_branch_elim_pass.cpp.obj) : warning LNK4099: PDB 'SPIRV-Tools-opt.pdb' was not found with 'shaderc_combined.lib(dead_branch_elim_pass.cpp.obj)' or at 'C:\Haxe-Libraries\Nebula\nebulatracer\x64\Release\SPIRV-Tools-opt.pdb'; linking object as if no debug info
shaderc_combined.lib(dead_insert_elim_pass.cpp.obj) : warning LNK4099: PDB 'SPIRV-Tools-opt.pdb' was not found with 'shaderc_combined.lib(dead_insert_elim_pass.cpp.obj)' or at 'C:\Haxe-Libraries\Nebula\nebulatracer\x64\Release\SPIRV-Tools-opt.pdb'; linking object as if no debug info
shaderc_combined.lib(dead_variable_elimination.cpp.obj) : warning LNK4099: PDB 'SPIRV-Tools-opt.pdb' was not found with 'shaderc_combined.lib(dead_variable_elimination.cpp.obj)' or at 'C:\Haxe-Libraries\Nebula\nebulatracer\x64\Release\SPIRV-Tools-opt.pdb'; linking object as if no debug info
shaderc_combined.lib(desc_sroa.cpp.obj) : warning LNK4099: PDB 'SPIRV-Tools-opt.pdb' was not found with 'shaderc_combined.lib(desc_sroa.cpp.obj)' or at 'C:\Haxe-Libraries\Nebula\nebulatracer\x64\Release\SPIRV-Tools-opt.pdb'; linking object as if no debug info
shaderc_combined.lib(eliminate_dead_constant_pass.cpp.obj) : warning LNK4099: PDB 'SPIRV-Tools-opt.pdb' was not found with 'shaderc_combined.lib(eliminate_dead_constant_pass.cpp.obj)' or at 'C:\Haxe-Libraries\Nebula\nebulatracer\x64\Release\SPIRV-Tools-opt.pdb'; linking object as if no debug info
shaderc_combined.lib(eliminate_dead_functions_pass.cpp.obj) : warning LNK4099: PDB 'SPIRV-Tools-opt.pdb' was not found with 'shaderc_combined.lib(eliminate_dead_functions_pass.cpp.obj)' or at 'C:\Haxe-Libraries\Nebula\nebulatracer\x64\Release\SPIRV-Tools-opt.pdb'; linking object as if no debug info
shaderc_combined.lib(eliminate_dead_io_components_pass.cpp.obj) : warning LNK4099: PDB 'SPIRV-Tools-opt.pdb' was not found with 'shaderc_combined.lib(eliminate_dead_io_components_pass.cpp.obj)' or at 'C:\Haxe-Libraries\Nebula\nebulatracer\x64\Release\SPIRV-Tools-opt.pdb'; linking object as if no debug info
shaderc_combined.lib(eliminate_dead_members_pass.cpp.obj) : warning LNK4099: PDB 'SPIRV-Tools-opt.pdb' was not found with 'shaderc_combined.lib(eliminate_dead_members_pass.cpp.obj)' or at 'C:\Haxe-Libraries\Nebula\nebulatracer\x64\Release\SPIRV-Tools-opt.pdb'; linking object as if no debug info
shaderc_combined.lib(eliminate_dead_output_stores_pass.cpp.obj) : warning LNK4099: PDB 'SPIRV-Tools-opt.pdb' was not found with 'shaderc_combined.lib(eliminate_dead_output_stores_pass.cpp.obj)' or at 'C:\Haxe-Libraries\Nebula\nebulatracer\x64\Release\SPIRV-Tools-opt.pdb'; linking object as if no debug info
shaderc_combined.lib(fix_func_call_arguments.cpp.obj) : warning LNK4099: PDB 'SPIRV-Tools-opt.pdb' was not found with 'shaderc_combined.lib(fix_func_call_arguments.cpp.obj)' or at 'C:\Haxe-Libraries\Nebula\nebulatracer\x64\Release\SPIRV-Tools-opt.pdb'; linking object as if no debug info
shaderc_combined.lib(fix_storage_class.cpp.obj) : warning LNK4099: PDB 'SPIRV-Tools-opt.pdb' was not found with 'shaderc_combined.lib(fix_storage_class.cpp.obj)' or at 'C:\Haxe-Libraries\Nebula\nebulatracer\x64\Release\SPIRV-Tools-opt.pdb'; linking object as if no debug info
shaderc_combined.lib(flatten_decoration_pass.cpp.obj) : warning LNK4099: PDB 'SPIRV-Tools-opt.pdb' was not found with 'shaderc_combined.lib(flatten_decoration_pass.cpp.obj)' or at 'C:\Haxe-Libraries\Nebula\nebulatracer\x64\Release\SPIRV-Tools-opt.pdb'; linking object as if no debug info
shaderc_combined.lib(fold_spec_constant_op_and_composite_pass.cpp.obj) : warning LNK4099: PDB 'SPIRV-Tools-opt.pdb' was not found with 'shaderc_combined.lib(fold_spec_constant_op_and_composite_pass.cpp.obj)' or at 'C:\Haxe-Libraries\Nebula\nebulatracer\x64\Release\SPIRV-Tools-opt.pdb'; linking object as if no debug info
shaderc_combined.lib(freeze_spec_constant_value_pass.cpp.obj) : warning LNK4099: PDB 'SPIRV-Tools-opt.pdb' was not found with 'shaderc_combined.lib(freeze_spec_constant_value_pass.cpp.obj)' or at 'C:\Haxe-Libraries\Nebula\nebulatracer\x64\Release\SPIRV-Tools-opt.pdb'; linking object as if no debug info
shaderc_combined.lib(if_conversion.cpp.obj) : warning LNK4099: PDB 'SPIRV-Tools-opt.pdb' was not found with 'shaderc_combined.lib(if_conversion.cpp.obj)' or at 'C:\Haxe-Libraries\Nebula\nebulatracer\x64\Release\SPIRV-Tools-opt.pdb'; linking object as if no debug info
shaderc_combined.lib(inline_exhaustive_pass.cpp.obj) : warning LNK4099: PDB 'SPIRV-Tools-opt.pdb' was not found with 'shaderc_combined.lib(inline_exhaustive_pass.cpp.obj)' or at 'C:\Haxe-Libraries\Nebula\nebulatracer\x64\Release\SPIRV-Tools-opt.pdb'; linking object as if no debug info
shaderc_combined.lib(inline_opaque_pass.cpp.obj) : warning LNK4099: PDB 'SPIRV-Tools-opt.pdb' was not found with 'shaderc_combined.lib(inline_opaque_pass.cpp.obj)' or at 'C:\Haxe-Libraries\Nebula\nebulatracer\x64\Release\SPIRV-Tools-opt.pdb'; linking object as if no debug info
shaderc_combined.lib(interface_var_sroa.cpp.obj) : warning LNK4099: PDB 'SPIRV-Tools-opt.pdb' was not found with 'shaderc_combined.lib(interface_var_sroa.cpp.obj)' or at 'C:\Haxe-Libraries\Nebula\nebulatracer\x64\Release\SPIRV-Tools-opt.pdb'; linking object as if no debug info
shaderc_combined.lib(interp_fixup_pass.cpp.obj) : warning LNK4099: PDB 'SPIRV-Tools-opt.pdb' was not found with 'shaderc_combined.lib(interp_fixup_pass.cpp.obj)' or at 'C:\Haxe-Libraries\Nebula\nebulatracer\x64\Release\SPIRV-Tools-opt.pdb'; linking object as if no debug info
shaderc_combined.lib(invocation_interlock_placement_pass.cpp.obj) : warning LNK4099: PDB 'SPIRV-Tools-opt.pdb' was not found with 'shaderc_combined.lib(invocation_interlock_placement_pass.cpp.obj)' or at 'C:\Haxe-Libraries\Nebula\nebulatracer\x64\Release\SPIRV-Tools-opt.pdb'; linking object as if no debug info
shaderc_combined.lib(licm_pass.cpp.obj) : warning LNK4099: PDB 'SPIRV-Tools-opt.pdb' was not found with 'shaderc_combined.lib(licm_pass.cpp.obj)' or at 'C:\Haxe-Libraries\Nebula\nebulatracer\x64\Release\SPIRV-Tools-opt.pdb'; linking object as if no debug info
shaderc_combined.lib(local_access_chain_convert_pass.cpp.obj) : warning LNK4099: PDB 'SPIRV-Tools-opt.pdb' was not found with 'shaderc_combined.lib(local_access_chain_convert_pass.cpp.obj)' or at 'C:\Haxe-Libraries\Nebula\nebulatracer\x64\Release\SPIRV-Tools-opt.pdb'; linking object as if no debug info
shaderc_combined.lib(local_redundancy_elimination.cpp.obj) : warning LNK4099: PDB 'SPIRV-Tools-opt.pdb' was not found with 'shaderc_combined.lib(local_redundancy_elimination.cpp.obj)' or at 'C:\Haxe-Libraries\Nebula\nebulatracer\x64\Release\SPIRV-Tools-opt.pdb'; linking object as if no debug info
shaderc_combined.lib(local_single_block_elim_pass.cpp.obj) : warning LNK4099: PDB 'SPIRV-Tools-opt.pdb' was not found with 'shaderc_combined.lib(local_single_block_elim_pass.cpp.obj)' or at 'C:\Haxe-Libraries\Nebula\nebulatracer\x64\Release\SPIRV-Tools-opt.pdb'; linking object as if no debug info
shaderc_combined.lib(local_single_store_elim_pass.cpp.obj) : warning LNK4099: PDB 'SPIRV-Tools-opt.pdb' was not found with 'shaderc_combined.lib(local_single_store_elim_pass.cpp.obj)' or at 'C:\Haxe-Libraries\Nebula\nebulatracer\x64\Release\SPIRV-Tools-opt.pdb'; linking object as if no debug info
shaderc_combined.lib(loop_fission.cpp.obj) : warning LNK4099: PDB 'SPIRV-Tools-opt.pdb' was not found with 'shaderc_combined.lib(loop_fission.cpp.obj)' or at 'C:\Haxe-Libraries\Nebula\nebulatracer\x64\Release\SPIRV-Tools-opt.pdb'; linking object as if no debug info
shaderc_combined.lib(loop_fusion_pass.cpp.obj) : warning LNK4099: PDB 'SPIRV-Tools-opt.pdb' was not found with 'shaderc_combined.lib(loop_fusion_pass.cpp.obj)' or at 'C:\Haxe-Libraries\Nebula\nebulatracer\x64\Release\SPIRV-Tools-opt.pdb'; linking object as if no debug info
shaderc_combined.lib(loop_peeling.cpp.obj) : warning LNK4099: PDB 'SPIRV-Tools-opt.pdb' was not found with 'shaderc_combined.lib(loop_peeling.cpp.obj)' or at 'C:\Haxe-Libraries\Nebula\nebulatracer\x64\Release\SPIRV-Tools-opt.pdb'; linking object as if no debug info
shaderc_combined.lib(loop_unroller.cpp.obj) : warning LNK4099: PDB 'SPIRV-Tools-opt.pdb' was not found with 'shaderc_combined.lib(loop_unroller.cpp.obj)' or at 'C:\Haxe-Libraries\Nebula\nebulatracer\x64\Release\SPIRV-Tools-opt.pdb'; linking object as if no debug info
shaderc_combined.lib(loop_unswitch_pass.cpp.obj) : warning LNK4099: PDB 'SPIRV-Tools-opt.pdb' was not found with 'shaderc_combined.lib(loop_unswitch_pass.cpp.obj)' or at 'C:\Haxe-Libraries\Nebula\nebulatracer\x64\Release\SPIRV-Tools-opt.pdb'; linking object as if no debug info
shaderc_combined.lib(merge_return_pass.cpp.obj) : warning LNK4099: PDB 'SPIRV-Tools-opt.pdb' was not found with 'shaderc_combined.lib(merge_return_pass.cpp.obj)' or at 'C:\Haxe-Libraries\Nebula\nebulatracer\x64\Release\SPIRV-Tools-opt.pdb'; linking object as if no debug info
shaderc_combined.lib(modify_maximal_reconvergence.cpp.obj) : warning LNK4099: PDB 'SPIRV-Tools-opt.pdb' was not found with 'shaderc_combined.lib(modify_maximal_reconvergence.cpp.obj)' or at 'C:\Haxe-Libraries\Nebula\nebulatracer\x64\Release\SPIRV-Tools-opt.pdb'; linking object as if no debug info
shaderc_combined.lib(opextinst_forward_ref_fixup_pass.cpp.obj) : warning LNK4099: PDB 'SPIRV-Tools-opt.pdb' was not found with 'shaderc_combined.lib(opextinst_forward_ref_fixup_pass.cpp.obj)' or at 'C:\Haxe-Libraries\Nebula\nebulatracer\x64\Release\SPIRV-Tools-opt.pdb'; linking object as if no debug info
shaderc_combined.lib(private_to_local_pass.cpp.obj) : warning LNK4099: PDB 'SPIRV-Tools-opt.pdb' was not found with 'shaderc_combined.lib(private_to_local_pass.cpp.obj)' or at 'C:\Haxe-Libraries\Nebula\nebulatracer\x64\Release\SPIRV-Tools-opt.pdb'; linking object as if no debug info
shaderc_combined.lib(reduce_load_size.cpp.obj) : warning LNK4099: PDB 'SPIRV-Tools-opt.pdb' was not found with 'shaderc_combined.lib(reduce_load_size.cpp.obj)' or at 'C:\Haxe-Libraries\Nebula\nebulatracer\x64\Release\SPIRV-Tools-opt.pdb'; linking object as if no debug info
shaderc_combined.lib(redundancy_elimination.cpp.obj) : warning LNK4099: PDB 'SPIRV-Tools-opt.pdb' was not found with 'shaderc_combined.lib(redundancy_elimination.cpp.obj)' or at 'C:\Haxe-Libraries\Nebula\nebulatracer\x64\Release\SPIRV-Tools-opt.pdb'; linking object as if no debug info
shaderc_combined.lib(relax_float_ops_pass.cpp.obj) : warning LNK4099: PDB 'SPIRV-Tools-opt.pdb' was not found with 'shaderc_combined.lib(relax_float_ops_pass.cpp.obj)' or at 'C:\Haxe-Libraries\Nebula\nebulatracer\x64\Release\SPIRV-Tools-opt.pdb'; linking object as if no debug info
shaderc_combined.lib(remove_dontinline_pass.cpp.obj) : warning LNK4099: PDB 'SPIRV-Tools-opt.pdb' was not found with 'shaderc_combined.lib(remove_dontinline_pass.cpp.obj)' or at 'C:\Haxe-Libraries\Nebula\nebulatracer\x64\Release\SPIRV-Tools-opt.pdb'; linking object as if no debug info
shaderc_combined.lib(remove_duplicates_pass.cpp.obj) : warning LNK4099: PDB 'SPIRV-Tools-opt.pdb' was not found with 'shaderc_combined.lib(remove_duplicates_pass.cpp.obj)' or at 'C:\Haxe-Libraries\Nebula\nebulatracer\x64\Release\SPIRV-Tools-opt.pdb'; linking object as if no debug info
shaderc_combined.lib(remove_unused_interface_variables_pass.cpp.obj) : warning LNK4099: PDB 'SPIRV-Tools-opt.pdb' was not found with 'shaderc_combined.lib(remove_unused_interface_variables_pass.cpp.obj)' or at 'C:\Haxe-Libraries\Nebula\nebulatracer\x64\Release\SPIRV-Tools-opt.pdb'; linking object as if no debug info
shaderc_combined.lib(replace_desc_array_access_using_var_index.cpp.obj) : warning LNK4099: PDB 'SPIRV-Tools-opt.pdb' was not found with 'shaderc_combined.lib(replace_desc_array_access_using_var_index.cpp.obj)' or at 'C:\Haxe-Libraries\Nebula\nebulatracer\x64\Release\SPIRV-Tools-opt.pdb'; linking object as if no debug info
shaderc_combined.lib(replace_invalid_opc.cpp.obj) : warning LNK4099: PDB 'SPIRV-Tools-opt.pdb' was not found with 'shaderc_combined.lib(replace_invalid_opc.cpp.obj)' or at 'C:\Haxe-Libraries\Nebula\nebulatracer\x64\Release\SPIRV-Tools-opt.pdb'; linking object as if no debug info
shaderc_combined.lib(resolve_binding_conflicts_pass.cpp.obj) : warning LNK4099: PDB 'SPIRV-Tools-opt.pdb' was not found with 'shaderc_combined.lib(resolve_binding_conflicts_pass.cpp.obj)' or at 'C:\Haxe-Libraries\Nebula\nebulatracer\x64\Release\SPIRV-Tools-opt.pdb'; linking object as if no debug info
shaderc_combined.lib(scalar_replacement_pass.cpp.obj) : warning LNK4099: PDB 'SPIRV-Tools-opt.pdb' was not found with 'shaderc_combined.lib(scalar_replacement_pass.cpp.obj)' or at 'C:\Haxe-Libraries\Nebula\nebulatracer\x64\Release\SPIRV-Tools-opt.pdb'; linking object as if no debug info
shaderc_combined.lib(set_spec_constant_default_value_pass.cpp.obj) : warning LNK4099: PDB 'SPIRV-Tools-opt.pdb' was not found with 'shaderc_combined.lib(set_spec_constant_default_value_pass.cpp.obj)' or at 'C:\Haxe-Libraries\Nebula\nebulatracer\x64\Release\SPIRV-Tools-opt.pdb'; linking object as if no debug info
shaderc_combined.lib(simplification_pass.cpp.obj) : warning LNK4099: PDB 'SPIRV-Tools-opt.pdb' was not found with 'shaderc_combined.lib(simplification_pass.cpp.obj)' or at 'C:\Haxe-Libraries\Nebula\nebulatracer\x64\Release\SPIRV-Tools-opt.pdb'; linking object as if no debug info
shaderc_combined.lib(split_combined_image_sampler_pass.cpp.obj) : warning LNK4099: PDB 'SPIRV-Tools-opt.pdb' was not found with 'shaderc_combined.lib(split_combined_image_sampler_pass.cpp.obj)' or at 'C:\Haxe-Libraries\Nebula\nebulatracer\x64\Release\SPIRV-Tools-opt.pdb'; linking object as if no debug info
shaderc_combined.lib(spread_volatile_semantics.cpp.obj) : warning LNK4099: PDB 'SPIRV-Tools-opt.pdb' was not found with 'shaderc_combined.lib(spread_volatile_semantics.cpp.obj)' or at 'C:\Haxe-Libraries\Nebula\nebulatracer\x64\Release\SPIRV-Tools-opt.pdb'; linking object as if no debug info
shaderc_combined.lib(ssa_rewrite_pass.cpp.obj) : warning LNK4099: PDB 'SPIRV-Tools-opt.pdb' was not found with 'shaderc_combined.lib(ssa_rewrite_pass.cpp.obj)' or at 'C:\Haxe-Libraries\Nebula\nebulatracer\x64\Release\SPIRV-Tools-opt.pdb'; linking object as if no debug info
shaderc_combined.lib(strength_reduction_pass.cpp.obj) : warning LNK4099: PDB 'SPIRV-Tools-opt.pdb' was not found with 'shaderc_combined.lib(strength_reduction_pass.cpp.obj)' or at 'C:\Haxe-Libraries\Nebula\nebulatracer\x64\Release\SPIRV-Tools-opt.pdb'; linking object as if no debug info
shaderc_combined.lib(strip_debug_info_pass.cpp.obj) : warning LNK4099: PDB 'SPIRV-Tools-opt.pdb' was not found with 'shaderc_combined.lib(strip_debug_info_pass.cpp.obj)' or at 'C:\Haxe-Libraries\Nebula\nebulatracer\x64\Release\SPIRV-Tools-opt.pdb'; linking object as if no debug info
shaderc_combined.lib(strip_nonsemantic_info_pass.cpp.obj) : warning LNK4099: PDB 'SPIRV-Tools-opt.pdb' was not found with 'shaderc_combined.lib(strip_nonsemantic_info_pass.cpp.obj)' or at 'C:\Haxe-Libraries\Nebula\nebulatracer\x64\Release\SPIRV-Tools-opt.pdb'; linking object as if no debug info
shaderc_combined.lib(struct_packing_pass.cpp.obj) : warning LNK4099: PDB 'SPIRV-Tools-opt.pdb' was not found with 'shaderc_combined.lib(struct_packing_pass.cpp.obj)' or at 'C:\Haxe-Libraries\Nebula\nebulatracer\x64\Release\SPIRV-Tools-opt.pdb'; linking object as if no debug info
shaderc_combined.lib(switch_descriptorset_pass.cpp.obj) : warning LNK4099: PDB 'SPIRV-Tools-opt.pdb' was not found with 'shaderc_combined.lib(switch_descriptorset_pass.cpp.obj)' or at 'C:\Haxe-Libraries\Nebula\nebulatracer\x64\Release\SPIRV-Tools-opt.pdb'; linking object as if no debug info
shaderc_combined.lib(trim_capabilities_pass.cpp.obj) : warning LNK4099: PDB 'SPIRV-Tools-opt.pdb' was not found with 'shaderc_combined.lib(trim_capabilities_pass.cpp.obj)' or at 'C:\Haxe-Libraries\Nebula\nebulatracer\x64\Release\SPIRV-Tools-opt.pdb'; linking object as if no debug info
shaderc_combined.lib(unify_const_pass.cpp.obj) : warning LNK4099: PDB 'SPIRV-Tools-opt.pdb' was not found with 'shaderc_combined.lib(unify_const_pass.cpp.obj)' or at 'C:\Haxe-Libraries\Nebula\nebulatracer\x64\Release\SPIRV-Tools-opt.pdb'; linking object as if no debug info
shaderc_combined.lib(upgrade_memory_model.cpp.obj) : warning LNK4099: PDB 'SPIRV-Tools-opt.pdb' was not found with 'shaderc_combined.lib(upgrade_memory_model.cpp.obj)' or at 'C:\Haxe-Libraries\Nebula\nebulatracer\x64\Release\SPIRV-Tools-opt.pdb'; linking object as if no debug info
shaderc_combined.lib(vector_dce.cpp.obj) : warning LNK4099: PDB 'SPIRV-Tools-opt.pdb' was not found with 'shaderc_combined.lib(vector_dce.cpp.obj)' or at 'C:\Haxe-Libraries\Nebula\nebulatracer\x64\Release\SPIRV-Tools-opt.pdb'; linking object as if no debug info
shaderc_combined.lib(workaround1209.cpp.obj) : warning LNK4099: PDB 'SPIRV-Tools-opt.pdb' was not found with 'shaderc_combined.lib(workaround1209.cpp.obj)' or at 'C:\Haxe-Libraries\Nebula\nebulatracer\x64\Release\SPIRV-Tools-opt.pdb'; linking object as if no debug info
shaderc_combined.lib(wrap_opkill.cpp.obj) : warning LNK4099: PDB 'SPIRV-Tools-opt.pdb' was not found with 'shaderc_combined.lib(wrap_opkill.cpp.obj)' or at 'C:\Haxe-Libraries\Nebula\nebulatracer\x64\Release\SPIRV-Tools-opt.pdb'; linking object as if no debug info
shaderc_combined.lib(SpirvIntrinsics.cpp.obj) : warning LNK4099: PDB 'glslang.pdb' was not found with 'shaderc_combined.lib(SpirvIntrinsics.cpp.obj)' or at 'C:\Haxe-Libraries\Nebula\nebulatracer\x64\Release\glslang.pdb'; linking object as if no debug info
shaderc_combined.lib(Constant.cpp.obj) : warning LNK4099: PDB 'glslang.pdb' was not found with 'shaderc_combined.lib(Constant.cpp.obj)' or at 'C:\Haxe-Libraries\Nebula\nebulatracer\x64\Release\glslang.pdb'; linking object as if no debug info
shaderc_combined.lib(RemoveTree.cpp.obj) : warning LNK4099: PDB 'glslang.pdb' was not found with 'shaderc_combined.lib(RemoveTree.cpp.obj)' or at 'C:\Haxe-Libraries\Nebula\nebulatracer\x64\Release\glslang.pdb'; linking object as if no debug info
shaderc_combined.lib(propagateNoContraction.cpp.obj) : warning LNK4099: PDB 'glslang.pdb' was not found with 'shaderc_combined.lib(propagateNoContraction.cpp.obj)' or at 'C:\Haxe-Libraries\Nebula\nebulatracer\x64\Release\glslang.pdb'; linking object as if no debug info
shaderc_combined.lib(ParseContextBase.cpp.obj) : warning LNK4099: PDB 'glslang.pdb' was not found with 'shaderc_combined.lib(ParseContextBase.cpp.obj)' or at 'C:\Haxe-Libraries\Nebula\nebulatracer\x64\Release\glslang.pdb'; linking object as if no debug info
shaderc_combined.lib(limits.cpp.obj) : warning LNK4099: PDB 'glslang.pdb' was not found with 'shaderc_combined.lib(limits.cpp.obj)' or at 'C:\Haxe-Libraries\Nebula\nebulatracer\x64\Release\glslang.pdb'; linking object as if no debug info
shaderc_combined.lib(glslang_tab.cpp.obj) : warning LNK4099: PDB 'glslang.pdb' was not found with 'shaderc_combined.lib(glslang_tab.cpp.obj)' or at 'C:\Haxe-Libraries\Nebula\nebulatracer\x64\Release\glslang.pdb'; linking object as if no debug info
shaderc_combined.lib(attribute.cpp.obj) : warning LNK4099: PDB 'glslang.pdb' was not found with 'shaderc_combined.lib(attribute.cpp.obj)' or at 'C:\Haxe-Libraries\Nebula\nebulatracer\x64\Release\glslang.pdb'; linking object as if no debug info
shaderc_combined.lib(hlslGrammar.cpp.obj) : warning LNK4099: PDB 'glslang.pdb' was not found with 'shaderc_combined.lib(hlslGrammar.cpp.obj)' or at 'C:\Haxe-Libraries\Nebula\nebulatracer\x64\Release\glslang.pdb'; linking object as if no debug info
shaderc_combined.lib(PpAtom.cpp.obj) : warning LNK4099: PDB 'glslang.pdb' was not found with 'shaderc_combined.lib(PpAtom.cpp.obj)' or at 'C:\Haxe-Libraries\Nebula\nebulatracer\x64\Release\glslang.pdb'; linking object as if no debug info
shaderc_combined.lib(Pp.cpp.obj) : warning LNK4099: PDB 'glslang.pdb' was not found with 'shaderc_combined.lib(Pp.cpp.obj)' or at 'C:\Haxe-Libraries\Nebula\nebulatracer\x64\Release\glslang.pdb'; linking object as if no debug info
shaderc_combined.lib(InReadableOrder.cpp.obj) : warning LNK4099: PDB 'glslang.pdb' was not found with 'shaderc_combined.lib(InReadableOrder.cpp.obj)' or at 'C:\Haxe-Libraries\Nebula\nebulatracer\x64\Release\glslang.pdb'; linking object as if no debug info
shaderc_combined.lib(parse_number.cpp.obj) : warning LNK4099: PDB 'SPIRV-Tools-static.pdb' was not found with 'shaderc_combined.lib(parse_number.cpp.obj)' or at 'C:\Haxe-Libraries\Nebula\nebulatracer\x64\Release\SPIRV-Tools-static.pdb'; linking object as if no debug info
shaderc_combined.lib(name_mapper.cpp.obj) : warning LNK4099: PDB 'SPIRV-Tools-static.pdb' was not found with 'shaderc_combined.lib(name_mapper.cpp.obj)' or at 'C:\Haxe-Libraries\Nebula\nebulatracer\x64\Release\SPIRV-Tools-static.pdb'; linking object as if no debug info
shaderc_combined.lib(parsed_operand.cpp.obj) : warning LNK4099: PDB 'SPIRV-Tools-static.pdb' was not found with 'shaderc_combined.lib(parsed_operand.cpp.obj)' or at 'C:\Haxe-Libraries\Nebula\nebulatracer\x64\Release\SPIRV-Tools-static.pdb'; linking object as if no debug info
shaderc_combined.lib(print.cpp.obj) : warning LNK4099: PDB 'SPIRV-Tools-static.pdb' was not found with 'shaderc_combined.lib(print.cpp.obj)' or at 'C:\Haxe-Libraries\Nebula\nebulatracer\x64\Release\SPIRV-Tools-static.pdb'; linking object as if no debug info
shaderc_combined.lib(extensions.cpp.obj) : warning LNK4099: PDB 'SPIRV-Tools-static.pdb' was not found with 'shaderc_combined.lib(extensions.cpp.obj)' or at 'C:\Haxe-Libraries\Nebula\nebulatracer\x64\Release\SPIRV-Tools-static.pdb'; linking object as if no debug info
shaderc_combined.lib(validate_cfg.cpp.obj) : warning LNK4099: PDB 'SPIRV-Tools-static.pdb' was not found with 'shaderc_combined.lib(validate_cfg.cpp.obj)' or at 'C:\Haxe-Libraries\Nebula\nebulatracer\x64\Release\SPIRV-Tools-static.pdb'; linking object as if no debug info
shaderc_combined.lib(validate_id.cpp.obj) : warning LNK4099: PDB 'SPIRV-Tools-static.pdb' was not found with 'shaderc_combined.lib(validate_id.cpp.obj)' or at 'C:\Haxe-Libraries\Nebula\nebulatracer\x64\Release\SPIRV-Tools-static.pdb'; linking object as if no debug info
shaderc_combined.lib(validate_adjacency.cpp.obj) : warning LNK4099: PDB 'SPIRV-Tools-static.pdb' was not found with 'shaderc_combined.lib(validate_adjacency.cpp.obj)' or at 'C:\Haxe-Libraries\Nebula\nebulatracer\x64\Release\SPIRV-Tools-static.pdb'; linking object as if no debug info
shaderc_combined.lib(validate_interfaces.cpp.obj) : warning LNK4099: PDB 'SPIRV-Tools-static.pdb' was not found with 'shaderc_combined.lib(validate_interfaces.cpp.obj)' or at 'C:\Haxe-Libraries\Nebula\nebulatracer\x64\Release\SPIRV-Tools-static.pdb'; linking object as if no debug info
shaderc_combined.lib(validate_mode_setting.cpp.obj) : warning LNK4099: PDB 'SPIRV-Tools-static.pdb' was not found with 'shaderc_combined.lib(validate_mode_setting.cpp.obj)' or at 'C:\Haxe-Libraries\Nebula\nebulatracer\x64\Release\SPIRV-Tools-static.pdb'; linking object as if no debug info
shaderc_combined.lib(validate_memory.cpp.obj) : warning LNK4099: PDB 'SPIRV-Tools-static.pdb' was not found with 'shaderc_combined.lib(validate_memory.cpp.obj)' or at 'C:\Haxe-Libraries\Nebula\nebulatracer\x64\Release\SPIRV-Tools-static.pdb'; linking object as if no debug info
shaderc_combined.lib(validate_layout.cpp.obj) : warning LNK4099: PDB 'SPIRV-Tools-static.pdb' was not found with 'shaderc_combined.lib(validate_layout.cpp.obj)' or at 'C:\Haxe-Libraries\Nebula\nebulatracer\x64\Release\SPIRV-Tools-static.pdb'; linking object as if no debug info
shaderc_combined.lib(validate_instruction.cpp.obj) : warning LNK4099: PDB 'SPIRV-Tools-static.pdb' was not found with 'shaderc_combined.lib(validate_instruction.cpp.obj)' or at 'C:\Haxe-Libraries\Nebula\nebulatracer\x64\Release\SPIRV-Tools-static.pdb'; linking object as if no debug info
shaderc_combined.lib(validate_decorations.cpp.obj) : warning LNK4099: PDB 'SPIRV-Tools-static.pdb' was not found with 'shaderc_combined.lib(validate_decorations.cpp.obj)' or at 'C:\Haxe-Libraries\Nebula\nebulatracer\x64\Release\SPIRV-Tools-static.pdb'; linking object as if no debug info
shaderc_combined.lib(validate_builtins.cpp.obj) : warning LNK4099: PDB 'SPIRV-Tools-static.pdb' was not found with 'shaderc_combined.lib(validate_builtins.cpp.obj)' or at 'C:\Haxe-Libraries\Nebula\nebulatracer\x64\Release\SPIRV-Tools-static.pdb'; linking object as if no debug info
shaderc_combined.lib(validate_type.cpp.obj) : warning LNK4099: PDB 'SPIRV-Tools-static.pdb' was not found with 'shaderc_combined.lib(validate_type.cpp.obj)' or at 'C:\Haxe-Libraries\Nebula\nebulatracer\x64\Release\SPIRV-Tools-static.pdb'; linking object as if no debug info
shaderc_combined.lib(validate_constants.cpp.obj) : warning LNK4099: PDB 'SPIRV-Tools-static.pdb' was not found with 'shaderc_combined.lib(validate_constants.cpp.obj)' or at 'C:\Haxe-Libraries\Nebula\nebulatracer\x64\Release\SPIRV-Tools-static.pdb'; linking object as if no debug info
shaderc_combined.lib(validate_arithmetics.cpp.obj) : warning LNK4099: PDB 'SPIRV-Tools-static.pdb' was not found with 'shaderc_combined.lib(validate_arithmetics.cpp.obj)' or at 'C:\Haxe-Libraries\Nebula\nebulatracer\x64\Release\SPIRV-Tools-static.pdb'; linking object as if no debug info
shaderc_combined.lib(validate_composites.cpp.obj) : warning LNK4099: PDB 'SPIRV-Tools-static.pdb' was not found with 'shaderc_combined.lib(validate_composites.cpp.obj)' or at 'C:\Haxe-Libraries\Nebula\nebulatracer\x64\Release\SPIRV-Tools-static.pdb'; linking object as if no debug info
shaderc_combined.lib(validate_conversion.cpp.obj) : warning LNK4099: PDB 'SPIRV-Tools-static.pdb' was not found with 'shaderc_combined.lib(validate_conversion.cpp.obj)' or at 'C:\Haxe-Libraries\Nebula\nebulatracer\x64\Release\SPIRV-Tools-static.pdb'; linking object as if no debug info
shaderc_combined.lib(validate_derivatives.cpp.obj) : warning LNK4099: PDB 'SPIRV-Tools-static.pdb' was not found with 'shaderc_combined.lib(validate_derivatives.cpp.obj)' or at 'C:\Haxe-Libraries\Nebula\nebulatracer\x64\Release\SPIRV-Tools-static.pdb'; linking object as if no debug info
shaderc_combined.lib(validate_logicals.cpp.obj) : warning LNK4099: PDB 'SPIRV-Tools-static.pdb' was not found with 'shaderc_combined.lib(validate_logicals.cpp.obj)' or at 'C:\Haxe-Libraries\Nebula\nebulatracer\x64\Release\SPIRV-Tools-static.pdb'; linking object as if no debug info
shaderc_combined.lib(validate_bitwise.cpp.obj) : warning LNK4099: PDB 'SPIRV-Tools-static.pdb' was not found with 'shaderc_combined.lib(validate_bitwise.cpp.obj)' or at 'C:\Haxe-Libraries\Nebula\nebulatracer\x64\Release\SPIRV-Tools-static.pdb'; linking object as if no debug info
shaderc_combined.lib(validate_image.cpp.obj) : warning LNK4099: PDB 'SPIRV-Tools-static.pdb' was not found with 'shaderc_combined.lib(validate_image.cpp.obj)' or at 'C:\Haxe-Libraries\Nebula\nebulatracer\x64\Release\SPIRV-Tools-static.pdb'; linking object as if no debug info
shaderc_combined.lib(validate_atomics.cpp.obj) : warning LNK4099: PDB 'SPIRV-Tools-static.pdb' was not found with 'shaderc_combined.lib(validate_atomics.cpp.obj)' or at 'C:\Haxe-Libraries\Nebula\nebulatracer\x64\Release\SPIRV-Tools-static.pdb'; linking object as if no debug info
shaderc_combined.lib(validate_barriers.cpp.obj) : warning LNK4099: PDB 'SPIRV-Tools-static.pdb' was not found with 'shaderc_combined.lib(validate_barriers.cpp.obj)' or at 'C:\Haxe-Libraries\Nebula\nebulatracer\x64\Release\SPIRV-Tools-static.pdb'; linking object as if no debug info
shaderc_combined.lib(validate_literals.cpp.obj) : warning LNK4099: PDB 'SPIRV-Tools-static.pdb' was not found with 'shaderc_combined.lib(validate_literals.cpp.obj)' or at 'C:\Haxe-Libraries\Nebula\nebulatracer\x64\Release\SPIRV-Tools-static.pdb'; linking object as if no debug info
shaderc_combined.lib(validate_extensions.cpp.obj) : warning LNK4099: PDB 'SPIRV-Tools-static.pdb' was not found with 'shaderc_combined.lib(validate_extensions.cpp.obj)' or at 'C:\Haxe-Libraries\Nebula\nebulatracer\x64\Release\SPIRV-Tools-static.pdb'; linking object as if no debug info
shaderc_combined.lib(validate_annotation.cpp.obj) : warning LNK4099: PDB 'SPIRV-Tools-static.pdb' was not found with 'shaderc_combined.lib(validate_annotation.cpp.obj)' or at 'C:\Haxe-Libraries\Nebula\nebulatracer\x64\Release\SPIRV-Tools-static.pdb'; linking object as if no debug info
shaderc_combined.lib(validate_non_uniform.cpp.obj) : warning LNK4099: PDB 'SPIRV-Tools-static.pdb' was not found with 'shaderc_combined.lib(validate_non_uniform.cpp.obj)' or at 'C:\Haxe-Libraries\Nebula\nebulatracer\x64\Release\SPIRV-Tools-static.pdb'; linking object as if no debug info
shaderc_combined.lib(validate_debug.cpp.obj) : warning LNK4099: PDB 'SPIRV-Tools-static.pdb' was not found with 'shaderc_combined.lib(validate_debug.cpp.obj)' or at 'C:\Haxe-Libraries\Nebula\nebulatracer\x64\Release\SPIRV-Tools-static.pdb'; linking object as if no debug info
shaderc_combined.lib(validate_capability.cpp.obj) : warning LNK4099: PDB 'SPIRV-Tools-static.pdb' was not found with 'shaderc_combined.lib(validate_capability.cpp.obj)' or at 'C:\Haxe-Libraries\Nebula\nebulatracer\x64\Release\SPIRV-Tools-static.pdb'; linking object as if no debug info
shaderc_combined.lib(validate_primitives.cpp.obj) : warning LNK4099: PDB 'SPIRV-Tools-static.pdb' was not found with 'shaderc_combined.lib(validate_primitives.cpp.obj)' or at 'C:\Haxe-Libraries\Nebula\nebulatracer\x64\Release\SPIRV-Tools-static.pdb'; linking object as if no debug info
shaderc_combined.lib(validate_function.cpp.obj) : warning LNK4099: PDB 'SPIRV-Tools-static.pdb' was not found with 'shaderc_combined.lib(validate_function.cpp.obj)' or at 'C:\Haxe-Libraries\Nebula\nebulatracer\x64\Release\SPIRV-Tools-static.pdb'; linking object as if no debug info
shaderc_combined.lib(validate_misc.cpp.obj) : warning LNK4099: PDB 'SPIRV-Tools-static.pdb' was not found with 'shaderc_combined.lib(validate_misc.cpp.obj)' or at 'C:\Haxe-Libraries\Nebula\nebulatracer\x64\Release\SPIRV-Tools-static.pdb'; linking object as if no debug info
shaderc_combined.lib(validate_ray_query.cpp.obj) : warning LNK4099: PDB 'SPIRV-Tools-static.pdb' was not found with 'shaderc_combined.lib(validate_ray_query.cpp.obj)' or at 'C:\Haxe-Libraries\Nebula\nebulatracer\x64\Release\SPIRV-Tools-static.pdb'; linking object as if no debug info
shaderc_combined.lib(validate_ray_tracing.cpp.obj) : warning LNK4099: PDB 'SPIRV-Tools-static.pdb' was not found with 'shaderc_combined.lib(validate_ray_tracing.cpp.obj)' or at 'C:\Haxe-Libraries\Nebula\nebulatracer\x64\Release\SPIRV-Tools-static.pdb'; linking object as if no debug info
shaderc_combined.lib(validate_ray_tracing_reorder.cpp.obj) : warning LNK4099: PDB 'SPIRV-Tools-static.pdb' was not found with 'shaderc_combined.lib(validate_ray_tracing_reorder.cpp.obj)' or at 'C:\Haxe-Libraries\Nebula\nebulatracer\x64\Release\SPIRV-Tools-static.pdb'; linking object as if no debug info
shaderc_combined.lib(validate_mesh_shading.cpp.obj) : warning LNK4099: PDB 'SPIRV-Tools-static.pdb' was not found with 'shaderc_combined.lib(validate_mesh_shading.cpp.obj)' or at 'C:\Haxe-Libraries\Nebula\nebulatracer\x64\Release\SPIRV-Tools-static.pdb'; linking object as if no debug info
shaderc_combined.lib(validate_tensor.cpp.obj) : warning LNK4099: PDB 'SPIRV-Tools-static.pdb' was not found with 'shaderc_combined.lib(validate_tensor.cpp.obj)' or at 'C:\Haxe-Libraries\Nebula\nebulatracer\x64\Release\SPIRV-Tools-static.pdb'; linking object as if no debug info
shaderc_combined.lib(validate_invalid_type.cpp.obj) : warning LNK4099: PDB 'SPIRV-Tools-static.pdb' was not found with 'shaderc_combined.lib(validate_invalid_type.cpp.obj)' or at 'C:\Haxe-Libraries\Nebula\nebulatracer\x64\Release\SPIRV-Tools-static.pdb'; linking object as if no debug info
shaderc_combined.lib(validate_tensor_layout.cpp.obj) : warning LNK4099: PDB 'SPIRV-Tools-static.pdb' was not found with 'shaderc_combined.lib(validate_tensor_layout.cpp.obj)' or at 'C:\Haxe-Libraries\Nebula\nebulatracer\x64\Release\SPIRV-Tools-static.pdb'; linking object as if no debug info
shaderc_combined.lib(validate_execution_limitations.cpp.obj) : warning LNK4099: PDB 'SPIRV-Tools-static.pdb' was not found with 'shaderc_combined.lib(validate_execution_limitations.cpp.obj)' or at 'C:\Haxe-Libraries\Nebula\nebulatracer\x64\Release\SPIRV-Tools-static.pdb'; linking object as if no debug info
shaderc_combined.lib(validate_small_type_uses.cpp.obj) : warning LNK4099: PDB 'SPIRV-Tools-static.pdb' was not found with 'shaderc_combined.lib(validate_small_type_uses.cpp.obj)' or at 'C:\Haxe-Libraries\Nebula\nebulatracer\x64\Release\SPIRV-Tools-static.pdb'; linking object as if no debug info
shaderc_combined.lib(instruction.cpp.obj) : warning LNK4099: PDB 'SPIRV-Tools-static.pdb' was not found with 'shaderc_combined.lib(instruction.cpp.obj)' or at 'C:\Haxe-Libraries\Nebula\nebulatracer\x64\Release\SPIRV-Tools-static.pdb'; linking object as if no debug info
shaderc_combined.lib(function.cpp.obj) : warning LNK4099: PDB 'SPIRV-Tools-static.pdb' was not found with 'shaderc_combined.lib(function.cpp.obj)' or at 'C:\Haxe-Libraries\Nebula\nebulatracer\x64\Release\SPIRV-Tools-static.pdb'; linking object as if no debug info
shaderc_combined.lib(validation_state.cpp.obj) : warning LNK4099: PDB 'SPIRV-Tools-static.pdb' was not found with 'shaderc_combined.lib(validation_state.cpp.obj)' or at 'C:\Haxe-Libraries\Nebula\nebulatracer\x64\Release\SPIRV-Tools-static.pdb'; linking object as if no debug info
shaderc_combined.lib(instruction.cpp.obj) : warning LNK4099: PDB 'SPIRV-Tools-opt.pdb' was not found with 'shaderc_combined.lib(instruction.cpp.obj)' or at 'C:\Haxe-Libraries\Nebula\nebulatracer\x64\Release\SPIRV-Tools-opt.pdb'; linking object as if no debug info
shaderc_combined.lib(function.cpp.obj) : warning LNK4099: PDB 'SPIRV-Tools-opt.pdb' was not found with 'shaderc_combined.lib(function.cpp.obj)' or at 'C:\Haxe-Libraries\Nebula\nebulatracer\x64\Release\SPIRV-Tools-opt.pdb'; linking object as if no debug info
shaderc_combined.lib(types.cpp.obj) : warning LNK4099: PDB 'SPIRV-Tools-opt.pdb' was not found with 'shaderc_combined.lib(types.cpp.obj)' or at 'C:\Haxe-Libraries\Nebula\nebulatracer\x64\Release\SPIRV-Tools-opt.pdb'; linking object as if no debug info
shaderc_combined.lib(type_manager.cpp.obj) : warning LNK4099: PDB 'SPIRV-Tools-opt.pdb' was not found with 'shaderc_combined.lib(type_manager.cpp.obj)' or at 'C:\Haxe-Libraries\Nebula\nebulatracer\x64\Release\SPIRV-Tools-opt.pdb'; linking object as if no debug info
shaderc_combined.lib(feature_manager.cpp.obj) : warning LNK4099: PDB 'SPIRV-Tools-opt.pdb' was not found with 'shaderc_combined.lib(feature_manager.cpp.obj)' or at 'C:\Haxe-Libraries\Nebula\nebulatracer\x64\Release\SPIRV-Tools-opt.pdb'; linking object as if no debug info
shaderc_combined.lib(basic_block.cpp.obj) : warning LNK4099: PDB 'SPIRV-Tools-opt.pdb' was not found with 'shaderc_combined.lib(basic_block.cpp.obj)' or at 'C:\Haxe-Libraries\Nebula\nebulatracer\x64\Release\SPIRV-Tools-opt.pdb'; linking object as if no debug info
shaderc_combined.lib(cfg.cpp.obj) : warning LNK4099: PDB 'SPIRV-Tools-opt.pdb' was not found with 'shaderc_combined.lib(cfg.cpp.obj)' or at 'C:\Haxe-Libraries\Nebula\nebulatracer\x64\Release\SPIRV-Tools-opt.pdb'; linking object as if no debug info
shaderc_combined.lib(dominator_tree.cpp.obj) : warning LNK4099: PDB 'SPIRV-Tools-opt.pdb' was not found with 'shaderc_combined.lib(dominator_tree.cpp.obj)' or at 'C:\Haxe-Libraries\Nebula\nebulatracer\x64\Release\SPIRV-Tools-opt.pdb'; linking object as if no debug info
shaderc_combined.lib(constants.cpp.obj) : warning LNK4099: PDB 'SPIRV-Tools-opt.pdb' was not found with 'shaderc_combined.lib(constants.cpp.obj)' or at 'C:\Haxe-Libraries\Nebula\nebulatracer\x64\Release\SPIRV-Tools-opt.pdb'; linking object as if no debug info
shaderc_combined.lib(def_use_manager.cpp.obj) : warning LNK4099: PDB 'SPIRV-Tools-opt.pdb' was not found with 'shaderc_combined.lib(def_use_manager.cpp.obj)' or at 'C:\Haxe-Libraries\Nebula\nebulatracer\x64\Release\SPIRV-Tools-opt.pdb'; linking object as if no debug info
shaderc_combined.lib(ir_context.cpp.obj) : warning LNK4099: PDB 'SPIRV-Tools-opt.pdb' was not found with 'shaderc_combined.lib(ir_context.cpp.obj)' or at 'C:\Haxe-Libraries\Nebula\nebulatracer\x64\Release\SPIRV-Tools-opt.pdb'; linking object as if no debug info
shaderc_combined.lib(ir_loader.cpp.obj) : warning LNK4099: PDB 'SPIRV-Tools-opt.pdb' was not found with 'shaderc_combined.lib(ir_loader.cpp.obj)' or at 'C:\Haxe-Libraries\Nebula\nebulatracer\x64\Release\SPIRV-Tools-opt.pdb'; linking object as if no debug info
shaderc_combined.lib(instruction_list.cpp.obj) : warning LNK4099: PDB 'SPIRV-Tools-opt.pdb' was not found with 'shaderc_combined.lib(instruction_list.cpp.obj)' or at 'C:\Haxe-Libraries\Nebula\nebulatracer\x64\Release\SPIRV-Tools-opt.pdb'; linking object as if no debug info
shaderc_combined.lib(debug_info_manager.cpp.obj) : warning LNK4099: PDB 'SPIRV-Tools-opt.pdb' was not found with 'shaderc_combined.lib(debug_info_manager.cpp.obj)' or at 'C:\Haxe-Libraries\Nebula\nebulatracer\x64\Release\SPIRV-Tools-opt.pdb'; linking object as if no debug info
shaderc_combined.lib(decoration_manager.cpp.obj) : warning LNK4099: PDB 'SPIRV-Tools-opt.pdb' was not found with 'shaderc_combined.lib(decoration_manager.cpp.obj)' or at 'C:\Haxe-Libraries\Nebula\nebulatracer\x64\Release\SPIRV-Tools-opt.pdb'; linking object as if no debug info
shaderc_combined.lib(struct_cfg_analysis.cpp.obj) : warning LNK4099: PDB 'SPIRV-Tools-opt.pdb' was not found with 'shaderc_combined.lib(struct_cfg_analysis.cpp.obj)' or at 'C:\Haxe-Libraries\Nebula\nebulatracer\x64\Release\SPIRV-Tools-opt.pdb'; linking object as if no debug info
shaderc_combined.lib(eliminate_dead_functions_util.cpp.obj) : warning LNK4099: PDB 'SPIRV-Tools-opt.pdb' was not found with 'shaderc_combined.lib(eliminate_dead_functions_util.cpp.obj)' or at 'C:\Haxe-Libraries\Nebula\nebulatracer\x64\Release\SPIRV-Tools-opt.pdb'; linking object as if no debug info
shaderc_combined.lib(const_folding_rules.cpp.obj) : warning LNK4099: PDB 'SPIRV-Tools-opt.pdb' was not found with 'shaderc_combined.lib(const_folding_rules.cpp.obj)' or at 'C:\Haxe-Libraries\Nebula\nebulatracer\x64\Release\SPIRV-Tools-opt.pdb'; linking object as if no debug info
shaderc_combined.lib(folding_rules.cpp.obj) : warning LNK4099: PDB 'SPIRV-Tools-opt.pdb' was not found with 'shaderc_combined.lib(folding_rules.cpp.obj)' or at 'C:\Haxe-Libraries\Nebula\nebulatracer\x64\Release\SPIRV-Tools-opt.pdb'; linking object as if no debug info
shaderc_combined.lib(fold.cpp.obj) : warning LNK4099: PDB 'SPIRV-Tools-opt.pdb' was not found with 'shaderc_combined.lib(fold.cpp.obj)' or at 'C:\Haxe-Libraries\Nebula\nebulatracer\x64\Release\SPIRV-Tools-opt.pdb'; linking object as if no debug info
shaderc_combined.lib(liveness.cpp.obj) : warning LNK4099: PDB 'SPIRV-Tools-opt.pdb' was not found with 'shaderc_combined.lib(liveness.cpp.obj)' or at 'C:\Haxe-Libraries\Nebula\nebulatracer\x64\Release\SPIRV-Tools-opt.pdb'; linking object as if no debug info
shaderc_combined.lib(block_merge_util.cpp.obj) : warning LNK4099: PDB 'SPIRV-Tools-opt.pdb' was not found with 'shaderc_combined.lib(block_merge_util.cpp.obj)' or at 'C:\Haxe-Libraries\Nebula\nebulatracer\x64\Release\SPIRV-Tools-opt.pdb'; linking object as if no debug info
shaderc_combined.lib(propagator.cpp.obj) : warning LNK4099: PDB 'SPIRV-Tools-opt.pdb' was not found with 'shaderc_combined.lib(propagator.cpp.obj)' or at 'C:\Haxe-Libraries\Nebula\nebulatracer\x64\Release\SPIRV-Tools-opt.pdb'; linking object as if no debug info
shaderc_combined.lib(dominator_analysis.cpp.obj) : warning LNK4099: PDB 'SPIRV-Tools-opt.pdb' was not found with 'shaderc_combined.lib(dominator_analysis.cpp.obj)' or at 'C:\Haxe-Libraries\Nebula\nebulatracer\x64\Release\SPIRV-Tools-opt.pdb'; linking object as if no debug info
shaderc_combined.lib(composite.cpp.obj) : warning LNK4099: PDB 'SPIRV-Tools-opt.pdb' was not found with 'shaderc_combined.lib(composite.cpp.obj)' or at 'C:\Haxe-Libraries\Nebula\nebulatracer\x64\Release\SPIRV-Tools-opt.pdb'; linking object as if no debug info
shaderc_combined.lib(desc_sroa_util.cpp.obj) : warning LNK4099: PDB 'SPIRV-Tools-opt.pdb' was not found with 'shaderc_combined.lib(desc_sroa_util.cpp.obj)' or at 'C:\Haxe-Libraries\Nebula\nebulatracer\x64\Release\SPIRV-Tools-opt.pdb'; linking object as if no debug info
shaderc_combined.lib(value_number_table.cpp.obj) : warning LNK4099: PDB 'SPIRV-Tools-opt.pdb' was not found with 'shaderc_combined.lib(value_number_table.cpp.obj)' or at 'C:\Haxe-Libraries\Nebula\nebulatracer\x64\Release\SPIRV-Tools-opt.pdb'; linking object as if no debug info
shaderc_combined.lib(inline_pass.cpp.obj) : warning LNK4099: PDB 'SPIRV-Tools-opt.pdb' was not found with 'shaderc_combined.lib(inline_pass.cpp.obj)' or at 'C:\Haxe-Libraries\Nebula\nebulatracer\x64\Release\SPIRV-Tools-opt.pdb'; linking object as if no debug info
shaderc_combined.lib(register_pressure.cpp.obj) : warning LNK4099: PDB 'SPIRV-Tools-opt.pdb' was not found with 'shaderc_combined.lib(register_pressure.cpp.obj)' or at 'C:\Haxe-Libraries\Nebula\nebulatracer\x64\Release\SPIRV-Tools-opt.pdb'; linking object as if no debug info
shaderc_combined.lib(scalar_analysis.cpp.obj) : warning LNK4099: PDB 'SPIRV-Tools-opt.pdb' was not found with 'shaderc_combined.lib(scalar_analysis.cpp.obj)' or at 'C:\Haxe-Libraries\Nebula\nebulatracer\x64\Release\SPIRV-Tools-opt.pdb'; linking object as if no debug info
shaderc_combined.lib(loop_dependence.cpp.obj) : warning LNK4099: PDB 'SPIRV-Tools-opt.pdb' was not found with 'shaderc_combined.lib(loop_dependence.cpp.obj)' or at 'C:\Haxe-Libraries\Nebula\nebulatracer\x64\Release\SPIRV-Tools-opt.pdb'; linking object as if no debug info
shaderc_combined.lib(loop_utils.cpp.obj) : warning LNK4099: PDB 'SPIRV-Tools-opt.pdb' was not found with 'shaderc_combined.lib(loop_utils.cpp.obj)' or at 'C:\Haxe-Libraries\Nebula\nebulatracer\x64\Release\SPIRV-Tools-opt.pdb'; linking object as if no debug info
shaderc_combined.lib(loop_fusion.cpp.obj) : warning LNK4099: PDB 'SPIRV-Tools-opt.pdb' was not found with 'shaderc_combined.lib(loop_fusion.cpp.obj)' or at 'C:\Haxe-Libraries\Nebula\nebulatracer\x64\Release\SPIRV-Tools-opt.pdb'; linking object as if no debug info
shaderc_combined.lib(scalar_analysis_simplification.cpp.obj) : warning LNK4099: PDB 'SPIRV-Tools-opt.pdb' was not found with 'shaderc_combined.lib(scalar_analysis_simplification.cpp.obj)' or at 'C:\Haxe-Libraries\Nebula\nebulatracer\x64\Release\SPIRV-Tools-opt.pdb'; linking object as if no debug info
shaderc_combined.lib(bit_vector.cpp.obj) : warning LNK4099: PDB 'SPIRV-Tools-static.pdb' was not found with 'shaderc_combined.lib(bit_vector.cpp.obj)' or at 'C:\Haxe-Libraries\Nebula\nebulatracer\x64\Release\SPIRV-Tools-static.pdb'; linking object as if no debug info
shaderc_combined.lib(parseConst.cpp.obj) : warning LNK4099: PDB 'glslang.pdb' was not found with 'shaderc_combined.lib(parseConst.cpp.obj)' or at 'C:\Haxe-Libraries\Nebula\nebulatracer\x64\Release\glslang.pdb'; linking object as if no debug info
shaderc_combined.lib(hlslAttributes.cpp.obj) : warning LNK4099: PDB 'glslang.pdb' was not found with 'shaderc_combined.lib(hlslAttributes.cpp.obj)' or at 'C:\Haxe-Libraries\Nebula\nebulatracer\x64\Release\glslang.pdb'; linking object as if no debug info
shaderc_combined.lib(hlslScanContext.cpp.obj) : warning LNK4099: PDB 'glslang.pdb' was not found with 'shaderc_combined.lib(hlslScanContext.cpp.obj)' or at 'C:\Haxe-Libraries\Nebula\nebulatracer\x64\Release\glslang.pdb'; linking object as if no debug info
shaderc_combined.lib(hlslOpMap.cpp.obj) : warning LNK4099: PDB 'glslang.pdb' was not found with 'shaderc_combined.lib(hlslOpMap.cpp.obj)' or at 'C:\Haxe-Libraries\Nebula\nebulatracer\x64\Release\glslang.pdb'; linking object as if no debug info
shaderc_combined.lib(hlslTokenStream.cpp.obj) : warning LNK4099: PDB 'glslang.pdb' was not found with 'shaderc_combined.lib(hlslTokenStream.cpp.obj)' or at 'C:\Haxe-Libraries\Nebula\nebulatracer\x64\Release\glslang.pdb'; linking object as if no debug info
shaderc_combined.lib(PpTokens.cpp.obj) : warning LNK4099: PDB 'glslang.pdb' was not found with 'shaderc_combined.lib(PpTokens.cpp.obj)' or at 'C:\Haxe-Libraries\Nebula\nebulatracer\x64\Release\glslang.pdb'; linking object as if no debug info
shaderc_combined.lib(to_string.cpp.obj) : warning LNK4099: PDB 'SPIRV-Tools-static.pdb' was not found with 'shaderc_combined.lib(to_string.cpp.obj)' or at 'C:\Haxe-Libraries\Nebula\nebulatracer\x64\Release\SPIRV-Tools-static.pdb'; linking object as if no debug info
shaderc_combined.lib(basic_block.cpp.obj) : warning LNK4099: PDB 'SPIRV-Tools-static.pdb' was not found with 'shaderc_combined.lib(basic_block.cpp.obj)' or at 'C:\Haxe-Libraries\Nebula\nebulatracer\x64\Release\SPIRV-Tools-static.pdb'; linking object as if no debug info
shaderc_combined.lib(construct.cpp.obj) : warning LNK4099: PDB 'SPIRV-Tools-static.pdb' was not found with 'shaderc_combined.lib(construct.cpp.obj)' or at 'C:\Haxe-Libraries\Nebula\nebulatracer\x64\Release\SPIRV-Tools-static.pdb'; linking object as if no debug info
shaderc_combined.lib(validate_scopes.cpp.obj) : warning LNK4099: PDB 'SPIRV-Tools-static.pdb' was not found with 'shaderc_combined.lib(validate_scopes.cpp.obj)' or at 'C:\Haxe-Libraries\Nebula\nebulatracer\x64\Release\SPIRV-Tools-static.pdb'; linking object as if no debug info
shaderc_combined.lib(validate_memory_semantics.cpp.obj) : warning LNK4099: PDB 'SPIRV-Tools-static.pdb' was not found with 'shaderc_combined.lib(validate_memory_semantics.cpp.obj)' or at 'C:\Haxe-Libraries\Nebula\nebulatracer\x64\Release\SPIRV-Tools-static.pdb'; linking object as if no debug info
shaderc_combined.lib(loop_dependence_helpers.cpp.obj) : warning LNK4099: PDB 'SPIRV-Tools-opt.pdb' was not found with 'shaderc_combined.lib(loop_dependence_helpers.cpp.obj)' or at 'C:\Haxe-Libraries\Nebula\nebulatracer\x64\Release\SPIRV-Tools-opt.pdb'; linking object as if no debug info
  nebulatracer.vcxproj -> C:\Haxe-Libraries\Nebula\nebulatracer\x64\Release\nebulatracer.dll
          1 file(s) copied.
